<?xml version="1.0" encoding="UTF-8"?>
<!-- Generated by org.testng.reporters.JUnitXMLReporter -->
<testsuite ignored="0" hostname="DESKTOP-JTCIL9C" failures="0" tests="4" name="Test" time="15.493" errors="0" timestamp="2024-01-27T18:40:07 IST">
  <testcase classname="ixigo.TestCases" name="Test1" time="9.988"/>
  <testcase classname="ixigo.TestCases" name="Test2" time="1.171"/>
  <testcase classname="ixigo.TestCases" name="Test3" time="4.158"/>
  <testcase classname="ixigo.TestCases" name="Test4" time="0.071"/>
</testsuite> <!-- Test -->
