<?xml version="1.0" encoding="UTF-8"?>
<testng-results ignored="0" total="1" passed="1" failed="0" skipped="0">
  <reporter-output>
  </reporter-output>
  <suite started-at="2024-01-27T20:39:43 IST" name="Default suite" finished-at="2024-01-27T20:39:53 IST" duration-ms="10012">
    <groups>
    </groups>
    <test started-at="2024-01-27T20:39:43 IST" name="Default test" finished-at="2024-01-27T20:39:53 IST" duration-ms="10012">
      <class name="ixigo.ActionsCheck">
        <test-method signature="Checkaction()[pri:0, instance:ixigo.ActionsCheck@5656be13]" started-at="2024-01-27T20:39:44 IST" name="Checkaction" finished-at="2024-01-27T20:39:53 IST" duration-ms="9901" status="PASS">
          <reporter-output>
          </reporter-output>
        </test-method> <!-- Checkaction -->
      </class> <!-- ixigo.ActionsCheck -->
    </test> <!-- Default test -->
  </suite> <!-- Default suite -->
</testng-results>
